# JRE version: Java(TM) SE Runtime Environment (13.0.2+8) (build 13.0.2+8)
# Java VM: Java HotSpot(TM) 64-Bit Server VM (13.0.2+8, mixed mode, sharing, tiered, compressed oops, g1 gc, windows-amd64)
Heap:
 garbage-first heap   total 48128K, used 19871K [0x00000000c1600000, 0x0000000100000000)
  region size 1024K, 12 young (12288K), 3 survivors (3072K)
 Metaspace       used 22141K, capacity 22901K, committed 23168K, reserved 1069056K
  class space    used 2804K, capacity 3088K, committed 3200K, reserved 1048576K
GC Heap History (14 events):
Event: 2.999 GC heap before
{Heap before GC invocations=0 (full 0):
 garbage-first heap   total 65536K, used 14336K [0x00000000c1600000, 0x0000000100000000)
  region size 1024K, 14 young (14336K), 0 survivors (0K)
 Metaspace       used 5814K, capacity 6687K, committed 6912K, reserved 1056768K
  class space    used 639K, capacity 699K, committed 768K, reserved 1048576K
}
Event: 3.021 GC heap after
{Heap after GC invocations=1 (full 0):
 garbage-first heap   total 65536K, used 5881K [0x00000000c1600000, 0x0000000100000000)
  region size 1024K, 2 young (2048K), 2 survivors (2048K)
 Metaspace       used 5814K, capacity 6687K, committed 6912K, reserved 1056768K
  class space    used 639K, capacity 699K, committed 768K, reserved 1048576K
}
Event: 14.072 GC heap before
{Heap before GC invocations=1 (full 0):
 garbage-first heap   total 65536K, used 16121K [0x00000000c1600000, 0x0000000100000000)
  region size 1024K, 12 young (12288K), 2 survivors (2048K)
 Metaspace       used 8255K, capacity 8550K, committed 8704K, reserved 1056768K
  class space    used 933K, capacity 1022K, committed 1024K, reserved 1048576K
}
Event: 14.079 GC heap after
{Heap after GC invocations=2 (full 0):
 garbage-first heap   total 65536K, used 6979K [0x00000000c1600000, 0x0000000100000000)
  region size 1024K, 2 young (2048K), 2 survivors (2048K)
 Metaspace       used 8255K, capacity 8550K, committed 8704K, reserved 1056768K
  class space    used 933K, capacity 1022K, committed 1024K, reserved 1048576K
}
Event: 25.665 GC heap before
{Heap before GC invocations=2 (full 0):
 garbage-first heap   total 65536K, used 30531K [0x00000000c1600000, 0x0000000100000000)
  region size 1024K, 25 young (25600K), 2 survivors (2048K)
 Metaspace       used 14410K, capacity 14957K, committed 15104K, reserved 1062912K
  class space    used 1795K, capacity 1988K, committed 2048K, reserved 1048576K
}
Event: 25.677 GC heap after
{Heap after GC invocations=3 (full 0):
 garbage-first heap   total 65536K, used 9591K [0x00000000c1600000, 0x0000000100000000)
  region size 1024K, 4 young (4096K), 4 survivors (4096K)
 Metaspace       used 14410K, capacity 14957K, committed 15104K, reserved 1062912K
  class space    used 1795K, capacity 1988K, committed 2048K, reserved 1048576K
}
Event: 141.093 GC heap before
{Heap before GC invocations=3 (full 0):
 garbage-first heap   total 65536K, used 46455K [0x00000000c1600000, 0x0000000100000000)
  region size 1024K, 32 young (32768K), 4 survivors (4096K)
 Metaspace       used 15631K, capacity 16181K, committed 16384K, reserved 1062912K
  class space    used 1956K, capacity 2183K, committed 2304K, reserved 1048576K
}
Event: 141.102 GC heap after
{Heap after GC invocations=4 (full 0):
 garbage-first heap   total 65536K, used 13777K [0x00000000c1600000, 0x0000000100000000)
  region size 1024K, 2 young (2048K), 2 survivors (2048K)
 Metaspace       used 15631K, capacity 16181K, committed 16384K, reserved 1062912K
  class space    used 1956K, capacity 2183K, committed 2304K, reserved 1048576K
}
Event: 150.056 GC heap before
{Heap before GC invocations=4 (full 0):
 garbage-first heap   total 65536K, used 42449K [0x00000000c1600000, 0x0000000100000000)
  region size 1024K, 29 young (29696K), 2 survivors (2048K)
 Metaspace       used 15631K, capacity 16181K, committed 16384K, reserved 1062912K
  class space    used 1956K, capacity 2183K, committed 2304K, reserved 1048576K
}
Event: 150.058 GC heap after
{Heap after GC invocations=5 (full 0):
 garbage-first heap   total 65536K, used 14099K [0x00000000c1600000, 0x0000000100000000)
  region size 1024K, 1 young (1024K), 1 survivors (1024K)
 Metaspace       used 15631K, capacity 16181K, committed 16384K, reserved 1062912K
  class space    used 1956K, capacity 2183K, committed 2304K, reserved 1048576K
}
Event: 160.128 GC heap before
{Heap before GC invocations=5 (full 0):
 garbage-first heap   total 65536K, used 45843K [0x00000000c1600000, 0x0000000100000000)
  region size 1024K, 30 young (30720K), 1 survivors (1024K)
 Metaspace       used 15631K, capacity 16181K, committed 16384K, reserved 1062912K
  class space    used 1956K, capacity 2183K, committed 2304K, reserved 1048576K
}
Event: 160.130 GC heap after
{Heap after GC invocations=6 (full 0):
 garbage-first heap   total 65536K, used 15070K [0x00000000c1600000, 0x0000000100000000)
  region size 1024K, 1 young (1024K), 1 survivors (1024K)
 Metaspace       used 15631K, capacity 16181K, committed 16384K, reserved 1062912K
  class space    used 1956K, capacity 2183K, committed 2304K, reserved 1048576K
}
Event: 289.113 GC heap before
{Heap before GC invocations=6 (full 0):
 garbage-first heap   total 65536K, used 43742K [0x00000000c1600000, 0x0000000100000000)
  region size 1024K, 27 young (27648K), 1 survivors (1024K)
 Metaspace       used 20466K, capacity 21179K, committed 21248K, reserved 1067008K
  class space    used 2540K, capacity 2795K, committed 2816K, reserved 1048576K
}
Event: 289.137 GC heap after
{Heap after GC invocations=7 (full 0):
 garbage-first heap   total 65536K, used 11679K [0x00000000c1600000, 0x0000000100000000)
  region size 1024K, 3 young (3072K), 3 survivors (3072K)
 Metaspace       used 20466K, capacity 21179K, committed 21248K, reserved 1067008K
  class space    used 2540K, capacity 2795K, committed 2816K, reserved 1048576K
}

