<?xml version="1.0" encoding="UTF-8"?>
<testng-results ignored="0" total="1" passed="1" failed="0" skipped="0">
  <reporter-output>
    <line>
      <![CDATA[<a href='F:\software1\JAVA_SELENIUM_PROGRAM\practice\src\main\resources\screenShots\testProductCheckout_23_05_2020_12_53_44.png'><img src='F:\software1\JAVA_SELENIUM_PROGRAM\practice\src\main\resources\screenShots\testProductCheckout_23_05_2020_12_53_44.png'height='100' width='100'/></a>]]>
    </line>
  </reporter-output>
  <suite started-at="2020-05-23T00:52:24 IST" name="Default suite" finished-at="2020-05-23T00:53:47 IST" duration-ms="82951">
    <groups>
    </groups>
    <test started-at="2020-05-23T00:52:24 IST" name="Default test" finished-at="2020-05-23T00:53:47 IST" duration-ms="82951">
      <class name="testScript.productPage.productChechoutTest">
        <test-method is-config="true" signature="beforeSuite()[pri:0, instance:testScript.productPage.productChechoutTest@7b9a4292]" started-at="2020-05-23T00:52:24 IST" name="beforeSuite" finished-at="2020-05-23T00:52:24 IST" duration-ms="249" status="PASS">
          <reporter-output>
          </reporter-output>
        </test-method> <!-- beforeSuite -->
        <test-method is-config="true" signature="beforeTest()[pri:0, instance:testScript.productPage.productChechoutTest@7b9a4292]" started-at="2020-05-23T00:52:24 IST" name="beforeTest" finished-at="2020-05-23T00:52:37 IST" duration-ms="13098" status="PASS">
          <reporter-output>
          </reporter-output>
        </test-method> <!-- beforeTest -->
        <test-method is-config="true" signature="beforeMethod(java.lang.reflect.Method)[pri:0, instance:testScript.productPage.productChechoutTest@7b9a4292]" started-at="2020-05-23T00:52:37 IST" name="beforeMethod" finished-at="2020-05-23T00:52:37 IST" duration-ms="17" status="PASS">
          <params>
            <param index="0">
              <value>
                <![CDATA[public void testScript.productPage.productChechoutTest.testProductCheckout()]]>
              </value>
            </param>
          </params>
          <reporter-output>
          </reporter-output>
        </test-method> <!-- beforeMethod -->
        <test-method signature="testProductCheckout()[pri:1, instance:testScript.productPage.productChechoutTest@7b9a4292]" started-at="2020-05-23T00:52:37 IST" name="testProductCheckout" description="Add product to cart" finished-at="2020-05-23T00:53:44 IST" duration-ms="66986" status="PASS">
          <reporter-output>
          </reporter-output>
        </test-method> <!-- testProductCheckout -->
        <test-method is-config="true" signature="afterMethod(org.testng.ITestResult)[pri:0, instance:testScript.productPage.productChechoutTest@7b9a4292]" started-at="2020-05-23T00:53:44 IST" name="afterMethod" finished-at="2020-05-23T00:53:46 IST" duration-ms="1493" status="PASS">
          <params>
            <param index="0">
              <value>
                <![CDATA[[TestResult name=testProductCheckout status=SUCCESS method=productChechoutTest.testProductCheckout()[pri:1, instance:testScript.productPage.productChechoutTest@7b9a4292] output={null}]]]>
              </value>
            </param>
          </params>
          <reporter-output>
            <line>
              <![CDATA[<a href='F:\software1\JAVA_SELENIUM_PROGRAM\practice\src\main\resources\screenShots\testProductCheckout_23_05_2020_12_53_44.png'><img src='F:\software1\JAVA_SELENIUM_PROGRAM\practice\src\main\resources\screenShots\testProductCheckout_23_05_2020_12_53_44.png'height='100' width='100'/></a>]]>
            </line>
          </reporter-output>
        </test-method> <!-- afterMethod -->
        <test-method is-config="true" signature="beforeMethod()[pri:0, instance:testScript.productPage.productChechoutTest@7b9a4292]" started-at="2020-05-23T00:53:46 IST" name="beforeMethod" finished-at="2020-05-23T00:53:47 IST" duration-ms="1286" status="PASS">
          <reporter-output>
          </reporter-output>
        </test-method> <!-- beforeMethod -->
      </class> <!-- testScript.productPage.productChechoutTest -->
    </test> <!-- Default test -->
  </suite> <!-- Default suite -->
</testng-results>
