<?xml version="1.0" encoding="UTF-8"?>
<testng-results ignored="0" total="1" passed="1" failed="0" skipped="0">
  <reporter-output>
    <line>
      <![CDATA[productChechoutTest testng reporter test started...]]>
    </line>
    <line>
      <![CDATA[testProductCheckout reporter test start]]>
    </line>
    <line>
      <![CDATA[testProductCheckout reporter test success]]>
    </line>
    <line>
      <![CDATA[<a href='F:\software1\JAVA_SELENIUM_PROGRAM\clone_assignment\src\main\resources\screenShots\testProductCheckout_23_05_2020_04_34_46.png'><img src='F:\software1\JAVA_SELENIUM_PROGRAM\clone_assignment\src\main\resources\screenShots\testProductCheckout_23_05_2020_04_34_46.png'height='100' width='100'/></a>]]>
    </line>
  </reporter-output>
  <suite started-at="2020-05-23T16:33:06 IST" name="AllTest Suite" finished-at="2020-05-23T16:34:59 IST" duration-ms="112501">
    <groups>
    </groups>
    <test started-at="2020-05-23T16:33:06 IST" name="productChechoutTest" finished-at="2020-05-23T16:34:59 IST" duration-ms="112501">
      <class name="testScript.productPage.productChechoutTest">
        <test-method is-config="true" signature="beforeSuite()[pri:0, instance:testScript.productPage.productChechoutTest@4a94ee4]" started-at="2020-05-23T16:33:06 IST" name="beforeSuite" finished-at="2020-05-23T16:33:06 IST" duration-ms="256" status="PASS">
          <reporter-output>
          </reporter-output>
        </test-method> <!-- beforeSuite -->
        <test-method is-config="true" signature="beforeTest()[pri:0, instance:testScript.productPage.productChechoutTest@4a94ee4]" started-at="2020-05-23T16:33:06 IST" name="beforeTest" finished-at="2020-05-23T16:33:27 IST" duration-ms="20795" status="PASS">
          <reporter-output>
          </reporter-output>
        </test-method> <!-- beforeTest -->
        <test-method is-config="true" signature="beforeMethod(java.lang.reflect.Method)[pri:0, instance:testScript.productPage.productChechoutTest@4a94ee4]" started-at="2020-05-23T16:33:27 IST" name="beforeMethod" finished-at="2020-05-23T16:33:27 IST" duration-ms="17" status="PASS">
          <params>
            <param index="0">
              <value>
                <![CDATA[public void testScript.productPage.productChechoutTest.testProductCheckout()]]>
              </value>
            </param>
          </params>
          <reporter-output>
          </reporter-output>
        </test-method> <!-- beforeMethod -->
        <test-method signature="testProductCheckout()[pri:1, instance:testScript.productPage.productChechoutTest@4a94ee4]" started-at="2020-05-23T16:33:27 IST" name="testProductCheckout" description="Add product to cart" finished-at="2020-05-23T16:34:46 IST" duration-ms="78840" status="PASS">
          <reporter-output>
            <line>
              <![CDATA[testProductCheckout reporter test start]]>
            </line>
            <line>
              <![CDATA[testProductCheckout reporter test success]]>
            </line>
          </reporter-output>
        </test-method> <!-- testProductCheckout -->
        <test-method is-config="true" signature="afterMethod(org.testng.ITestResult)[pri:0, instance:testScript.productPage.productChechoutTest@4a94ee4]" started-at="2020-05-23T16:34:46 IST" name="afterMethod" finished-at="2020-05-23T16:34:48 IST" duration-ms="1736" status="PASS">
          <params>
            <param index="0">
              <value>
                <![CDATA[[TestResult name=testProductCheckout status=SUCCESS method=productChechoutTest.testProductCheckout()[pri:1, instance:testScript.productPage.productChechoutTest@4a94ee4] output=testProductCheckout reporter test start]]]>
              </value>
            </param>
          </params>
          <reporter-output>
            <line>
              <![CDATA[<a href='F:\software1\JAVA_SELENIUM_PROGRAM\clone_assignment\src\main\resources\screenShots\testProductCheckout_23_05_2020_04_34_46.png'><img src='F:\software1\JAVA_SELENIUM_PROGRAM\clone_assignment\src\main\resources\screenShots\testProductCheckout_23_05_2020_04_34_46.png'height='100' width='100'/></a>]]>
            </line>
          </reporter-output>
        </test-method> <!-- afterMethod -->
        <test-method is-config="true" signature="beforeMethod()[pri:0, instance:testScript.productPage.productChechoutTest@4a94ee4]" started-at="2020-05-23T16:34:48 IST" name="beforeMethod" finished-at="2020-05-23T16:34:59 IST" duration-ms="10935" status="PASS">
          <reporter-output>
          </reporter-output>
        </test-method> <!-- beforeMethod -->
      </class> <!-- testScript.productPage.productChechoutTest -->
    </test> <!-- productChechoutTest -->
  </suite> <!-- AllTest Suite -->
</testng-results>
